<?xml version="1.0" encoding="UTF-8"?>
<!-- Generated by org.testng.reporters.JUnitXMLReporter -->
<testsuite ignored="5" hostname="DESKTOP-JHF2A3L" failures="0" tests="3" name="Test MLFlow" time="6.291" errors="0" timestamp="2022-03-09T19:40:14 SGT">
  <testcase classname="TestMLFlow" name="Test_1_createExperiment" time="5.452"/>
  <testcase classname="TestMLFlow" name="Test_2_getExperiment" time="0.286"/>
  <testcase classname="TestMLFlow" name="Test_3_getAllExperiments" time="0.417"/>
  <testcase classname="TestMLFlow" name="createSerializedProduct" time="0.0">
    <ignored/>
  </testcase> <!-- createSerializedProduct -->
  <testcase classname="TestMLFlow" name="deleteExperiment" time="0.0">
    <ignored/>
  </testcase> <!-- deleteExperiment -->
  <testcase classname="TestMLFlow" name="updateSerializedProduct" time="0.0">
    <ignored/>
  </testcase> <!-- updateSerializedProduct -->
  <testcase classname="TestMLFlow" name="updateAExperiment" time="0.0">
    <ignored/>
  </testcase> <!-- updateAExperiment -->
  <testcase classname="TestMLFlow" name="getDeserializedProduct" time="0.0">
    <ignored/>
  </testcase> <!-- getDeserializedProduct -->
</testsuite> <!-- Test MLFlow -->
