<?xml version="1.0" encoding="UTF-8"?>
<testng-results ignored="5" total="8" passed="3" failed="0" skipped="0">
  <reporter-output>
    <line>
      <![CDATA[ Test 1 - Create one experiment.]]>
    </line>
    <line>
      <![CDATA[Status code is 200.]]>
    </line>
    <line>
      <![CDATA[The experiment id 71 returned.]]>
    </line>
    <line>
      <![CDATA[The experiment:DemoAPITest-1649395700777 created successfully.]]>
    </line>
    <line>
      <![CDATA[ Test 2 - Get one specific experiment.]]>
    </line>
    <line>
      <![CDATA[Status code is 200.]]>
    </line>
    <line>
      <![CDATA[The experiment id 71 is correct.]]>
    </line>
    <line>
      <![CDATA[The experiment name DemoAPITest-1649395700777 is correct.]]>
    </line>
    <line>
      <![CDATA[The experiment is got and passed verification.]]>
    </line>
    <line>
      <![CDATA[ Test 3 - Get all of experiments.]]>
    </line>
    <line>
      <![CDATA[[Default, DemoAPITest1646361571688, DemoAPITest-1647331019361, DemoAPITest-1649391067092, DemoAPITest-1649392534162, DemoAPITest-1649395528214, DemoAPITest-1649395547333, DemoAPITest-1649395700777]]]>
    </line>
    <line>
      <![CDATA[All experiments got and passed verification.]]>
    </line>
  </reporter-output>
  <suite started-at="2022-04-08T13:28:20 SGT" name="Test Suite" finished-at="2022-04-08T13:28:25 SGT" duration-ms="4490">
    <groups>
    </groups>
    <test started-at="2022-04-08T13:28:20 SGT" name="Test MLFlow" finished-at="2022-04-08T13:28:25 SGT" duration-ms="4490">
      <class name="TestMLFlow">
        <test-method is-config="true" signature="beforeClassTest()[pri:0, instance:TestMLFlow@22e357dc]" started-at="2022-04-08T13:28:20 SGT" name="beforeClassTest" finished-at="2022-04-08T13:28:20 SGT" duration-ms="19" status="PASS">
          <reporter-output>
          </reporter-output>
        </test-method> <!-- beforeClassTest -->
        <test-method signature="Test_1_createExperiment()[pri:0, instance:TestMLFlow@22e357dc]" started-at="2022-04-08T13:28:20 SGT" name="Test_1_createExperiment" finished-at="2022-04-08T13:28:24 SGT" duration-ms="3912" status="PASS">
          <reporter-output>
            <line>
              <![CDATA[ Test 1 - Create one experiment.]]>
            </line>
            <line>
              <![CDATA[Status code is 200.]]>
            </line>
            <line>
              <![CDATA[The experiment id 71 returned.]]>
            </line>
            <line>
              <![CDATA[The experiment:DemoAPITest-1649395700777 created successfully.]]>
            </line>
          </reporter-output>
        </test-method> <!-- Test_1_createExperiment -->
        <test-method signature="Test_2_getExperiment()[pri:0, instance:TestMLFlow@22e357dc]" started-at="2022-04-08T13:28:24 SGT" name="Test_2_getExperiment" finished-at="2022-04-08T13:28:24 SGT" duration-ms="273" status="PASS">
          <reporter-output>
            <line>
              <![CDATA[ Test 2 - Get one specific experiment.]]>
            </line>
            <line>
              <![CDATA[Status code is 200.]]>
            </line>
            <line>
              <![CDATA[The experiment id 71 is correct.]]>
            </line>
            <line>
              <![CDATA[The experiment name DemoAPITest-1649395700777 is correct.]]>
            </line>
            <line>
              <![CDATA[The experiment is got and passed verification.]]>
            </line>
          </reporter-output>
        </test-method> <!-- Test_2_getExperiment -->
        <test-method signature="Test_3_getAllExperiments()[pri:0, instance:TestMLFlow@22e357dc]" started-at="2022-04-08T13:28:24 SGT" name="Test_3_getAllExperiments" finished-at="2022-04-08T13:28:25 SGT" duration-ms="235" status="PASS">
          <reporter-output>
            <line>
              <![CDATA[ Test 3 - Get all of experiments.]]>
            </line>
            <line>
              <![CDATA[[Default, DemoAPITest1646361571688, DemoAPITest-1647331019361, DemoAPITest-1649391067092, DemoAPITest-1649392534162, DemoAPITest-1649395528214, DemoAPITest-1649395547333, DemoAPITest-1649395700777]]]>
            </line>
            <line>
              <![CDATA[All experiments got and passed verification.]]>
            </line>
          </reporter-output>
        </test-method> <!-- Test_3_getAllExperiments -->
        <test-method is-config="true" signature="teardown()[pri:0, instance:TestMLFlow@22e357dc]" started-at="2022-04-08T13:28:25 SGT" name="teardown" finished-at="2022-04-08T13:28:25 SGT" duration-ms="0" status="PASS">
          <reporter-output>
          </reporter-output>
        </test-method> <!-- teardown -->
      </class> <!-- TestMLFlow -->
    </test> <!-- Test MLFlow -->
  </suite> <!-- Test Suite -->
</testng-results>
