<?xml version="1.0" encoding="UTF-8"?>
<!-- Generated by org.testng.reporters.JUnitXMLReporter -->
<testsuite ignored="5" hostname="DESKTOP-JHF2A3L" failures="0" tests="3" name="Test MLFlow" time="4.49" errors="0" timestamp="2022-04-08T13:28:25 SGT">
  <testcase classname="TestMLFlow" name="Test_1_createExperiment" time="3.912"/>
  <testcase classname="TestMLFlow" name="Test_2_getExperiment" time="0.273"/>
  <testcase classname="TestMLFlow" name="Test_3_getAllExperiments" time="0.235"/>
  <testcase classname="TestMLFlow" name="deleteExperiment" time="0.0">
    <ignored/>
  </testcase> <!-- deleteExperiment -->
  <testcase classname="TestMLFlow" name="createSerializedProduct" time="0.0">
    <ignored/>
  </testcase> <!-- createSerializedProduct -->
  <testcase classname="TestMLFlow" name="getDeserializedProduct" time="0.0">
    <ignored/>
  </testcase> <!-- getDeserializedProduct -->
  <testcase classname="TestMLFlow" name="updateAExperiment" time="0.0">
    <ignored/>
  </testcase> <!-- updateAExperiment -->
  <testcase classname="TestMLFlow" name="updateSerializedProduct" time="0.0">
    <ignored/>
  </testcase> <!-- updateSerializedProduct -->
</testsuite> <!-- Test MLFlow -->
